
ROM used:   695/8192 (8%)
            695/8192 (8%) including unused fragments

            0.7 Average locations per line
            9.7 Average locations per statement

RAM used:   39/368 (11%) at main() level
            48/368 (13%) worst case

Stack used: 2 worst case (2 in main + 0 for interrupts)
Stack size: 8

Lines Stmts  %   Files
----- ----- ---  -----
  275    72 100  BPM.c
  761     0   0  F:\PICC\Devices\16F886.h
----- -----
 1036    72 Total

Page ROM  %  RAM    Vol Diff  Functions:
---- --- --- ---    --- ----  ----------
0     22   3    1             @delay_ms1
0    299  43    5   1930  9.8  calculate_heart_beat
0     37   5    5             @DIV1616
0     21   3    5             @MUL1616
0     21   3    3    479  4.5  @DIV88
0    136  20    1    359  3.6  MAIN
0      6   1    0             @const632
0     91  13    5    295  3.6  @PSTRINGCN7_9600_62_63
0     58   8    2    331  2.7  @PRINTF_U_9600_62_63
 Inline         0             @cinit1

Program metrics:
    Functions               5
    Statements              72
    Comments                457
    Volume (V)              4487
    Difficulty (D)          24.0
    Effort to implement (E) 107766
    Time to implement (T)   1 hours, 40 minutes
    Est Delivered Bugs (B)  1
    Cyclomatic Complexity   14
    Maintainability (MI)    131

 Segment     Used  Free
-----------  ----  ----
00000-00003     4  0  
00004-007FF   691  1353  
00800-00FFF     0  2048  
01000-017FF     0  2048  
01800-01FFF     0  2048  



